#
# A fatal error has been detected by the Java Runtime Environment:
#
#  EXCEPTION_ACCESS_VIOLATION (0xc0000005) at pc=0x000000006ab8f216, pid=23780, tid=0x00000000000069b8
#
# JRE version: Java(TM) SE Runtime Environment (8.0_321-b07) (build 1.8.0_321-b07)
# Java VM: Java HotSpot(TM) 64-Bit Server VM (25.321-b07 mixed mode windows-amd64 compressed oops)
# Problematic frame:
# V  [jvm.dll+0x22f216]
#
# Failed to write core dump. Minidumps are not enabled by default on client versions of Windows
#
# If you would like to submit a bug report, please visit:
#   http://bugreport.java.com/bugreport/crash.jsp
#

---------------  T H R E A D  ---------------

Current thread (0x00000211a5096800):  VMThread [stack: 0x00000058eb500000,0x00000058eb600000] [id=27064]

siginfo: ExceptionCode=0xc0000005, reading address 0x0000000000000008

Registers:
RAX=0x0000000000000000, RBX=0x00000058eb5fef80, RCX=0x0000000000000000, RDX=0x0000000000000028
RSP=0x00000058eb5fec90, RBP=0x00000058eb5ff4e0, RSI=0x0000000000000000, RDI=0x00000058eb5ff660
R8 =0x0000000000000000, R9 =0x00000211a4554930, R10=0x0000021189f888e0, R11=0x00000211a4555357
R12=0x000000000000004a, R13=0x000002118a01a910, R14=0x00000000000000b7, R15=0x000000006a960000
RIP=0x000000006ab8f216, EFLAGS=0x0000000000010202

Top of Stack: (sp=0x00000058eb5fec90)
0x00000058eb5fec90:   00000058eb5fed60 00000211a5095c90
0x00000058eb5feca0:   00000058eb5fed30 000000006ab66db4
0x00000058eb5fecb0:   000002118a01a850 000000006ab9fd9b
0x00000058eb5fecc0:   000000076f928d90 00000211a5095c90
0x00000058eb5fecd0:   0000000000000600 0000000000007fd8
0x00000058eb5fece0:   00000058eb5ff360 000000006aba0489
0x00000058eb5fecf0:   00000211a7618a00 00000058eb5ff3c0
0x00000058eb5fed00:   00000058eb5ff3c0 000000006aba0969
0x00000058eb5fed10:   00000211a7619c00 000000076f929228
0x00000058eb5fed20:   000000076f9292a0 00000211a7619600
0x00000058eb5fed30:   00000058eacff890 000002118b980970
0x00000058eb5fed40:   000002118b980810 0000000700000000
0x00000058eb5fed50:   00000058eacff980 00000058eacff8a0
0x00000058eb5fed60:   000000076bfec040 000000076bfebfc8
0x00000058eb5fed70:   000000076bf9aa50 000000076bf8b980
0x00000058eb5fed80:   000000076bf69500 000000076bf63948 

Instructions: (pc=0x000000006ab8f216)
0x000000006ab8f1f6:   01 00 00 48 8b 05 e8 af 56 00 48 33 c4 48 89 84
0x000000006ab8f206:   24 40 01 00 00 48 8b d9 48 63 49 10 48 8b 43 08
0x000000006ab8f216:   38 54 08 08 74 45 44 0f be c2 48 8d 4c 24 30 48
0x000000006ab8f226:   8d 15 b4 83 3b 00 e8 ff c0 df ff 4c 8d 0d 40 7b 


Register to memory mapping:

RAX=0x0000000000000000 is an unknown value
RBX=0x00000058eb5fef80 is an unknown value
RCX=0x0000000000000000 is an unknown value
RDX=0x0000000000000028 is an unknown value
RSP=0x00000058eb5fec90 is an unknown value
RBP=0x00000058eb5ff4e0 is an unknown value
RSI=0x0000000000000000 is an unknown value
RDI=0x00000058eb5ff660 is an unknown value
R8 =0x0000000000000000 is an unknown value
R9 =0x00000211a4554930 is pointing into metadata
R10=0x0000021189f888e0 is an unknown value
R11=0x00000211a4555357 is pointing into metadata
R12=0x000000000000004a is an unknown value
R13=0x000002118a01a910 is an unknown value
R14=0x00000000000000b7 is an unknown value
R15=0x000000006a960000 is an unknown value


Stack: [0x00000058eb500000,0x00000058eb600000],  sp=0x00000058eb5fec90,  free space=1019k
Native frames: (J=compiled Java code, j=interpreted, Vv=VM code, C=native code)
V  [jvm.dll+0x22f216]
V  [jvm.dll+0x22f984]
V  [jvm.dll+0x1070c3]
V  [jvm.dll+0x109033]
V  [jvm.dll+0x1098ae]
V  [jvm.dll+0x106eea]
V  [jvm.dll+0x10606a]
V  [jvm.dll+0xcd94b]
V  [jvm.dll+0xce3e3]
V  [jvm.dll+0x112eb4]
V  [jvm.dll+0x136220]
V  [jvm.dll+0x1b9851]
V  [jvm.dll+0x246507]
V  [jvm.dll+0x244c55]
V  [jvm.dll+0x2453ec]
V  [jvm.dll+0x2456fc]
V  [jvm.dll+0x292edc]
C  [ucrtbase.dll+0x29363]
C  [KERNEL32.DLL+0x1244d]
C  [ntdll.dll+0x5dfb8]

VM_Operation (0x00000058ebaff5b0): GetOrSetLocal, mode: safepoint, requested by thread 0x00000211a515d800


---------------  P R O C E S S  ---------------

Java Threads: ( => current thread )
  0x00000211a7d66800 JavaThread "Okio Watchdog" daemon [_thread_blocked, id=4840, stack(0x00000058ecb00000,0x00000058ecc00000)]
  0x00000211a7ce7800 JavaThread "OkHttp ConnectionPool" daemon [_thread_blocked, id=6160, stack(0x00000058eca00000,0x00000058ecb00000)]
  0x00000211a7f82800 JavaThread "Exec Stream Pumper" daemon [_thread_in_native, id=21968, stack(0x00000058ec700000,0x00000058ec800000)]
  0x00000211a794c000 JavaThread "Exec Stream Pumper" daemon [_thread_in_native, id=26960, stack(0x00000058ec600000,0x00000058ec700000)]
  0x00000211a7c86000 JavaThread "Exec Default Executor" daemon [_thread_in_native, id=25300, stack(0x00000058ec400000,0x00000058ec500000)]
  0x00000211a7418000 JavaThread "ReaderThread" [_thread_in_native, id=2564, stack(0x00000058ec300000,0x00000058ec400000)]
  0x00000211a6de3800 JavaThread "Service Thread" daemon [_thread_blocked, id=3128, stack(0x00000058ec100000,0x00000058ec200000)]
  0x00000211a6d52800 JavaThread "C1 CompilerThread3" daemon [_thread_blocked, id=26516, stack(0x00000058ec000000,0x00000058ec100000)]
  0x00000211a6d51800 JavaThread "C2 CompilerThread2" daemon [_thread_blocked, id=15764, stack(0x00000058ebf00000,0x00000058ec000000)]
  0x00000211a6d4d000 JavaThread "C2 CompilerThread1" daemon [_thread_blocked, id=10812, stack(0x00000058ebe00000,0x00000058ebf00000)]
  0x00000211a516b800 JavaThread "C2 CompilerThread0" daemon [_thread_blocked, id=26904, stack(0x00000058ebd00000,0x00000058ebe00000)]
  0x00000211a5163800 JavaThread "JDWP Command Reader" daemon [_thread_in_native, id=17728, stack(0x00000058ebc00000,0x00000058ebd00000)]
  0x00000211a5160000 JavaThread "JDWP Event Helper Thread" daemon [_thread_blocked, id=10204, stack(0x00000058ebb00000,0x00000058ebc00000)]
  0x00000211a515d800 JavaThread "JDWP Transport Listener: dt_socket" daemon [_thread_blocked, id=1948, stack(0x00000058eba00000,0x00000058ebb00000)]
  0x00000211a5138000 JavaThread "Attach Listener" daemon [_thread_blocked, id=7896, stack(0x00000058eb900000,0x00000058eba00000)]
  0x00000211a5137800 JavaThread "Signal Dispatcher" daemon [_thread_blocked, id=17392, stack(0x00000058eb800000,0x00000058eb900000)]
  0x00000211a50c8000 JavaThread "Finalizer" daemon [_thread_blocked, id=25188, stack(0x00000058eb700000,0x00000058eb800000)]
  0x00000211a509f000 JavaThread "Reference Handler" daemon [_thread_blocked, id=27216, stack(0x00000058eb600000,0x00000058eb700000)]
  0x0000021189f72000 JavaThread "main" [_thread_blocked, id=20832, stack(0x00000058eac00000,0x00000058ead00000)]

Other Threads:
=>0x00000211a5096800 VMThread [stack: 0x00000058eb500000,0x00000058eb600000] [id=27064]
  0x00000211a6df2000 WatcherThread [stack: 0x00000058ec200000,0x00000058ec300000] [id=9344]

VM state:at safepoint (normal execution)

VM Mutex/Monitor currently owned by a thread:  ([mutex/lock_event])
[0x0000021189f69ec0] Threads_lock - owner thread: 0x00000211a5096800

heap address: 0x00000006c2a00000, size: 4054 MB, Compressed Oops mode: Zero based, Oop shift amount: 3
Narrow klass base: 0x0000000000000000, Narrow klass shift: 3
Compressed class space size: 1073741824 Address: 0x00000007c0000000

Heap:
 PSYoungGen      total 75776K, used 22677K [0x000000076b900000, 0x0000000770d80000, 0x00000007c0000000)
  eden space 65024K, 19% used [0x000000076b900000,0x000000076c559f38,0x000000076f880000)
  from space 10752K, 93% used [0x000000076f880000,0x000000077024b888,0x0000000770300000)
  to   space 10752K, 0% used [0x0000000770300000,0x0000000770300000,0x0000000770d80000)
 ParOldGen       total 173568K, used 32K [0x00000006c2a00000, 0x00000006cd380000, 0x000000076b900000)
  object space 173568K, 0% used [0x00000006c2a00000,0x00000006c2a08000,0x00000006cd380000)
 Metaspace       used 15981K, capacity 17074K, committed 17280K, reserved 1064960K
  class space    used 2087K, capacity 2329K, committed 2432K, reserved 1048576K

Card table byte_map: [0x000002119ad40000,0x000002119b530000] byte_map_base: 0x000002119772b000

Marking Bits: (ParMarkBitMap*) 0x000000006b149030
 Begin Bits: [0x000002119ba80000, 0x000002119f9d8000)
 End Bits:   [0x000002119f9d8000, 0x00000211a3930000)

Polling page: 0x000002118a100000

CodeCache: size=245760Kb used=6288Kb max_used=6302Kb free=239471Kb
 bounds [0x000002118b980000, 0x000002118bfb0000, 0x000002119a980000]
 total_blobs=2142 nmethods=1747 adapters=315
 compilation: enabled

Compilation events (10 events):
Event: 4.976 Thread 0x00000211a6d52800 nmethod 1743 0x000002118bfa6d90 code [0x000002118bfa6f20, 0x000002118bfa72c0]
Event: 4.976 Thread 0x00000211a6d52800 1744       3       com.google.common.base.CharMatcher$Negated::matches (17 bytes)
Event: 4.976 Thread 0x00000211a6d52800 nmethod 1744 0x000002118bfa68d0 code [0x000002118bfa6a40, 0x000002118bfa6cd0]
Event: 4.976 Thread 0x00000211a6d52800 1745       3       java.util.stream.StreamSupport::stream (19 bytes)
Event: 4.977 Thread 0x00000211a6d52800 nmethod 1745 0x000002118bfa6050 code [0x000002118bfa6200, 0x000002118bfa6670]
Event: 4.977 Thread 0x00000211a6d52800 1746       3       java.util.stream.StreamOpFlag::fromCharacteristics (37 bytes)
Event: 4.977 Thread 0x00000211a6d52800 nmethod 1746 0x000002118bfa5a90 code [0x000002118bfa5c00, 0x000002118bfa5f60]
Event: 4.978 Thread 0x00000211a6d52800 1747       3       org.junit.platform.commons.util.Preconditions::notNull (15 bytes)
Event: 4.979 Thread 0x00000211a6d52800 nmethod 1747 0x000002118bfa5210 code [0x000002118bfa53a0, 0x000002118bfa5860]
Event: 4.994 Thread 0x00000211a6d51800 nmethod 1742 0x000002118bfaabd0 code [0x000002118bfaada0, 0x000002118bfab928]

GC Heap History (2 events):
Event: 2.746 GC heap before
{Heap before GC invocations=1 (full 0):
 PSYoungGen      total 75776K, used 65024K [0x000000076b900000, 0x0000000770d80000, 0x00000007c0000000)
  eden space 65024K, 100% used [0x000000076b900000,0x000000076f880000,0x000000076f880000)
  from space 10752K, 0% used [0x0000000770300000,0x0000000770300000,0x0000000770d80000)
  to   space 10752K, 0% used [0x000000076f880000,0x000000076f880000,0x0000000770300000)
 ParOldGen       total 173568K, used 0K [0x00000006c2a00000, 0x00000006cd380000, 0x000000076b900000)
  object space 173568K, 0% used [0x00000006c2a00000,0x00000006c2a00000,0x00000006cd380000)
 Metaspace       used 14119K, capacity 15160K, committed 15488K, reserved 1062912K
  class space    used 1838K, capacity 2082K, committed 2176K, reserved 1048576K
Event: 2.753 GC heap after
Heap after GC invocations=1 (full 0):
 PSYoungGen      total 75776K, used 10030K [0x000000076b900000, 0x0000000770d80000, 0x00000007c0000000)
  eden space 65024K, 0% used [0x000000076b900000,0x000000076b900000,0x000000076f880000)
  from space 10752K, 93% used [0x000000076f880000,0x000000077024b888,0x0000000770300000)
  to   space 10752K, 0% used [0x0000000770300000,0x0000000770300000,0x0000000770d80000)
 ParOldGen       total 173568K, used 32K [0x00000006c2a00000, 0x00000006cd380000, 0x000000076b900000)
  object space 173568K, 0% used [0x00000006c2a00000,0x00000006c2a08000,0x00000006cd380000)
 Metaspace       used 14119K, capacity 15160K, committed 15488K, reserved 1062912K
  class space    used 1838K, capacity 2082K, committed 2176K, reserved 1048576K
}

Deoptimization events (10 events):
Event: 3.387 Thread 0x0000021189f72000 Uncommon trap: reason=class_check action=maybe_recompile pc=0x000002118bf41e70 method=org.openqa.selenium.json.Input.init()V @ 18
Event: 3.388 Thread 0x0000021189f72000 Uncommon trap: reason=class_check action=maybe_recompile pc=0x000002118bf41e70 method=org.openqa.selenium.json.Input.init()V @ 18
Event: 3.388 Thread 0x0000021189f72000 Uncommon trap: reason=class_check action=maybe_recompile pc=0x000002118bf41e70 method=org.openqa.selenium.json.Input.init()V @ 18
Event: 3.388 Thread 0x0000021189f72000 Uncommon trap: reason=class_check action=maybe_recompile pc=0x000002118bf41e70 method=org.openqa.selenium.json.Input.init()V @ 18
Event: 3.403 Thread 0x0000021189f72000 Uncommon trap: reason=class_check action=maybe_recompile pc=0x000002118bccbd74 method=java.util.HashMap.putVal(ILjava/lang/Object;Ljava/lang/Object;ZZ)Ljava/lang/Object; @ 253
Event: 3.413 Thread 0x0000021189f72000 Uncommon trap: reason=unstable_if action=reinterpret pc=0x000002118bf32178 method=java.util.concurrent.ConcurrentHashMap.get(Ljava/lang/Object;)Ljava/lang/Object; @ 138
Event: 3.445 Thread 0x0000021189f72000 Uncommon trap: reason=class_check action=maybe_recompile pc=0x000002118bccbd74 method=java.util.HashMap.putVal(ILjava/lang/Object;Ljava/lang/Object;ZZ)Ljava/lang/Object; @ 253
Event: 3.465 Thread 0x0000021189f72000 Uncommon trap: reason=class_check action=maybe_recompile pc=0x000002118bccbd74 method=java.util.HashMap.putVal(ILjava/lang/Object;Ljava/lang/Object;ZZ)Ljava/lang/Object; @ 253
Event: 3.465 Thread 0x0000021189f72000 Uncommon trap: reason=class_check action=maybe_recompile pc=0x000002118bccbd74 method=java.util.HashMap.putVal(ILjava/lang/Object;Ljava/lang/Object;ZZ)Ljava/lang/Object; @ 253
Event: 3.465 Thread 0x0000021189f72000 Uncommon trap: reason=class_check action=maybe_recompile pc=0x000002118bcc644c method=java.util.HashMap.putVal(ILjava/lang/Object;Ljava/lang/Object;ZZ)Ljava/lang/Object; @ 253

Classes redefined (4 events):
Event: 29.274 Thread 0x00000211a5096800 redefined class name=utils.SignOnPage, count=1
Event: 65.202 Thread 0x00000211a5096800 redefined class name=testEsm.TS_ESM_ACM_0016_001, count=1
Event: 76.676 Thread 0x00000211a5096800 redefined class name=testEsm.TS_ESM_ACM_0016_001, count=2
Event: 92.759 Thread 0x00000211a5096800 redefined class name=testEsm.TS_ESM_ACM_0016_001, count=3

Internal exceptions (10 events):
Event: 0.665 Thread 0x0000021189f72000 Exception <a 'java/lang/NoSuchMethodError': java.lang.Object.containsTests(Lorg/junit/platform/engine/TestDescriptor;)Z> (0x000000076cb7b840) thrown at [C:\jenkins\workspace\8-2-build-windows-amd64-cygwin\jdk8u321\2141\hotspot\src\share\vm\interpreter\lin
Event: 0.691 Thread 0x0000021189f72000 Exception <a 'java/lang/NoSuchMethodError': java.lang.Object.lambda$adaptFilter$0(Lorg/junit/platform/engine/Filter;Ljava/util/function/Function;Ljava/lang/Object;)Lorg/junit/platform/engine/FilterResult;> (0x000000076cc4f878) thrown at [C:\jenkins\worksp
Event: 0.693 Thread 0x0000021189f72000 Exception <a 'java/lang/NoSuchMethodError': java.lang.Object.lambda$toPredicate$1(Ljava/lang/Object;)Z> (0x000000076cc5ee30) thrown at [C:\jenkins\workspace\8-2-build-windows-amd64-cygwin\jdk8u321\2141\hotspot\src\share\vm\interpreter\linkResolver.cpp, li
Event: 0.694 Thread 0x0000021189f72000 Exception <a 'java/lang/NoSuchMethodError': java.lang.Object.lambda$and$0(Ljava/util/function/Predicate;Ljava/lang/Object;)Z> (0x000000076cc61890) thrown at [C:\jenkins\workspace\8-2-build-windows-amd64-cygwin\jdk8u321\2141\hotspot\src\share\vm\interprete
Event: 0.761 Thread 0x0000021189f72000 Exception <a 'java/lang/NoSuchMethodError': java.lang.Object.lambda$isEqual$3(Ljava/lang/Object;Ljava/lang/Object;)Z> (0x000000076cf35740) thrown at [C:\jenkins\workspace\8-2-build-windows-amd64-cygwin\jdk8u321\2141\hotspot\src\share\vm\interpreter\linkRe
Event: 2.445 Thread 0x00000211a794d000 Exception <a 'java/net/SocketTimeoutException': connect timed out> (0x000000076ed282b8) thrown at [C:\jenkins\workspace\8-2-build-windows-amd64-cygwin\jdk8u321\2141\hotspot\src\share\vm\prims\jni.cpp, line 737]
Event: 2.537 Thread 0x0000021189f72000 Exception <a 'java/lang/IncompatibleClassChangeError': Found class java.lang.Object, but interface was expected> (0x000000076ebc7450) thrown at [C:\jenkins\workspace\8-2-build-windows-amd64-cygwin\jdk8u321\2141\hotspot\src\share\vm\interpreter\linkResolve
Event: 2.663 Thread 0x0000021189f72000 Exception <a 'java/lang/NoSuchMethodError': java.lang.Object.lambda$chars$0()Ljava/util/Spliterator$OfInt;> (0x000000076f410890) thrown at [C:\jenkins\workspace\8-2-build-windows-amd64-cygwin\jdk8u321\2141\hotspot\src\share\vm\interpreter\linkResolver.cpp
Event: 3.396 Thread 0x0000021189f72000 Exception <a 'java/lang/NoSuchMethodError': java.lang.Object.lambda$getResponseFunction$0(Lorg/openqa/selenium/remote/InitialHandshakeResponse;)Lorg/openqa/selenium/remote/ProtocolHandshake$Result;> (0x000000076bff5cc0) thrown at [C:\jenkins\workspace\8-2
Event: 3.472 Thread 0x0000021189f72000 Exception <a 'java/net/SocketTimeoutException': Read timed out> (0x000000076c2daa40) thrown at [C:\jenkins\workspace\8-2-build-windows-amd64-cygwin\jdk8u321\2141\hotspot\src\share\vm\prims\jni.cpp, line 737]

Events (10 events):
Event: 92.770 Executing VM operation: ChangeBreakpoints done
Event: 92.786 Executing VM operation: ChangeBreakpoints
Event: 92.787 Executing VM operation: ChangeBreakpoints done
Event: 92.790 Executing VM operation: EnterInterpOnlyMode
Event: 92.790 Executing VM operation: EnterInterpOnlyMode done
Event: 92.790 Executing VM operation: GetCurrentLocation
Event: 92.790 Executing VM operation: GetCurrentLocation done
Event: 92.790 Executing VM operation: ChangeSingleStep
Event: 92.790 Executing VM operation: ChangeSingleStep done
Event: 92.790 Executing VM operation: GetOrSetLocal


Dynamic libraries:
0x00007ff7efa60000 - 0x00007ff7efaa7000 	C:\Program Files\Java\jre1.8.0_321\bin\javaw.exe
0x00007ffec90d0000 - 0x00007ffec92e4000 	C:\WINDOWS\SYSTEM32\ntdll.dll
0x00007ffec8210000 - 0x00007ffec82d2000 	C:\WINDOWS\System32\KERNEL32.DLL
0x00007ffec6780000 - 0x00007ffec6b1d000 	C:\WINDOWS\System32\KERNELBASE.dll
0x00007ffec8a90000 - 0x00007ffec8b3e000 	C:\WINDOWS\System32\ADVAPI32.dll
0x00007ffec8880000 - 0x00007ffec8927000 	C:\WINDOWS\System32\msvcrt.dll
0x00007ffec8360000 - 0x00007ffec8404000 	C:\WINDOWS\System32\sechost.dll
0x00007ffec75a0000 - 0x00007ffec76b5000 	C:\WINDOWS\System32\RPCRT4.dll
0x00007ffec8ed0000 - 0x00007ffec907a000 	C:\WINDOWS\System32\USER32.dll
0x00007ffec6500000 - 0x00007ffec6526000 	C:\WINDOWS\System32\win32u.dll
0x00007ffec6ed0000 - 0x00007ffec6ef9000 	C:\WINDOWS\System32\GDI32.dll
0x00007ffec6db0000 - 0x00007ffec6ec2000 	C:\WINDOWS\System32\gdi32full.dll
0x00007ffec66e0000 - 0x00007ffec677a000 	C:\WINDOWS\System32\msvcp_win.dll
0x00007ffec6c90000 - 0x00007ffec6da1000 	C:\WINDOWS\System32\ucrtbase.dll
0x00007ffeb0280000 - 0x00007ffeb050e000 	C:\WINDOWS\WinSxS\amd64_microsoft.windows.common-controls_6595b64144ccf1df_6.0.22621.608_none_a9444ca7c10bb01d\COMCTL32.dll
0x00007ffec8e90000 - 0x00007ffec8ec2000 	C:\WINDOWS\System32\IMM32.DLL
0x00007ffeaa130000 - 0x00007ffeaa145000 	C:\Program Files\Java\jre1.8.0_321\bin\vcruntime140.dll
0x00007ffe93850000 - 0x00007ffe938eb000 	C:\Program Files\Java\jre1.8.0_321\bin\msvcp140.dll
0x000000006a960000 - 0x000000006b1c1000 	C:\Program Files\Java\jre1.8.0_321\bin\server\jvm.dll
0x00007ffec8b40000 - 0x00007ffec8b48000 	C:\WINDOWS\System32\PSAPI.DLL
0x00007ffec2f10000 - 0x00007ffec2f19000 	C:\WINDOWS\SYSTEM32\WSOCK32.dll
0x00007ffec5270000 - 0x00007ffec527a000 	C:\WINDOWS\SYSTEM32\VERSION.dll
0x00007ffec8b50000 - 0x00007ffec8bc1000 	C:\WINDOWS\System32\WS2_32.dll
0x00007ffebee70000 - 0x00007ffebeea4000 	C:\WINDOWS\SYSTEM32\WINMM.dll
0x00007ffec5660000 - 0x00007ffec5678000 	C:\WINDOWS\SYSTEM32\kernel.appcore.dll
0x00007ffec3b10000 - 0x00007ffec3b20000 	C:\Program Files\Java\jre1.8.0_321\bin\verify.dll
0x00007ffebae80000 - 0x00007ffebaeab000 	C:\Program Files\Java\jre1.8.0_321\bin\java.dll
0x00007ffea3330000 - 0x00007ffea3366000 	C:\Program Files\Java\jre1.8.0_321\bin\jdwp.dll
0x00007ffeb7100000 - 0x00007ffeb7109000 	C:\Program Files\Java\jre1.8.0_321\bin\npt.dll
0x00007ffeb9830000 - 0x00007ffeb9848000 	C:\Program Files\Java\jre1.8.0_321\bin\zip.dll
0x00007ffec7a30000 - 0x00007ffec8210000 	C:\WINDOWS\System32\SHELL32.dll
0x00007ffec4920000 - 0x00007ffec51e5000 	C:\WINDOWS\SYSTEM32\windows.storage.dll
0x00007ffec8410000 - 0x00007ffec879a000 	C:\WINDOWS\System32\combase.dll
0x00007ffec47e0000 - 0x00007ffec491e000 	C:\WINDOWS\SYSTEM32\wintypes.dll
0x00007ffec76c0000 - 0x00007ffec77b1000 	C:\WINDOWS\System32\SHCORE.dll
0x00007ffec77c0000 - 0x00007ffec781e000 	C:\WINDOWS\System32\shlwapi.dll
0x00007ffec6430000 - 0x00007ffec6451000 	C:\WINDOWS\SYSTEM32\profapi.dll
0x00007ffeb62d0000 - 0x00007ffeb62da000 	C:\Program Files\Java\jre1.8.0_321\bin\dt_socket.dll
0x00007ffe7d580000 - 0x00007ffe7d597000 	C:\WINDOWS\system32\napinsp.dll
0x00007ffe7b380000 - 0x00007ffe7b39b000 	C:\WINDOWS\system32\pnrpnsp.dll
0x00007ffec5ac0000 - 0x00007ffec5b29000 	C:\WINDOWS\System32\mswsock.dll
0x00007ffec4520000 - 0x00007ffec4612000 	C:\WINDOWS\SYSTEM32\DNSAPI.dll
0x00007ffec44b0000 - 0x00007ffec44dd000 	C:\WINDOWS\SYSTEM32\IPHLPAPI.DLL
0x00007ffec8db0000 - 0x00007ffec8db9000 	C:\WINDOWS\System32\NSI.dll
0x00007ffe7b030000 - 0x00007ffe7b041000 	C:\WINDOWS\System32\winrnr.dll
0x00007ffebe4e0000 - 0x00007ffebe4f5000 	C:\WINDOWS\system32\wshbth.dll
0x00007ffe7b1f0000 - 0x00007ffe7b211000 	C:\WINDOWS\system32\nlansp_c.dll
0x00007ffebe3a0000 - 0x00007ffebe423000 	C:\WINDOWS\System32\fwpuclnt.dll
0x00007ffebc650000 - 0x00007ffebc65a000 	C:\Windows\System32\rasadhlp.dll
0x00007ffeb42d0000 - 0x00007ffeb42ec000 	C:\Program Files\Java\jre1.8.0_321\bin\net.dll
0x00007ffeb3d70000 - 0x00007ffeb3d94000 	C:\Program Files\Java\jre1.8.0_321\bin\sunec.dll
0x00007ffeb76d0000 - 0x00007ffeb76dd000 	C:\Program Files\Java\jre1.8.0_321\bin\sunmscapi.dll
0x00007ffec6b20000 - 0x00007ffec6c86000 	C:\WINDOWS\System32\CRYPT32.dll
0x00007ffec5e70000 - 0x00007ffec5e9d000 	C:\WINDOWS\SYSTEM32\ncrypt.dll
0x00007ffec5e30000 - 0x00007ffec5e67000 	C:\WINDOWS\SYSTEM32\NTASN1.dll
0x00007ffebf710000 - 0x00007ffebf729000 	C:\WINDOWS\SYSTEM32\dhcpcsvc6.DLL
0x00007ffebf6f0000 - 0x00007ffebf70f000 	C:\WINDOWS\SYSTEM32\dhcpcsvc.DLL
0x00007ffeaa150000 - 0x00007ffeaa163000 	C:\Program Files\Java\jre1.8.0_321\bin\nio.dll
0x00007ffec5d00000 - 0x00007ffec5d1b000 	C:\WINDOWS\SYSTEM32\CRYPTSP.dll
0x00007ffec55d0000 - 0x00007ffec5605000 	C:\WINDOWS\system32\rsaenh.dll
0x00007ffec5bb0000 - 0x00007ffec5bd8000 	C:\WINDOWS\SYSTEM32\USERENV.dll
0x00007ffec5ea0000 - 0x00007ffec5ec8000 	C:\WINDOWS\SYSTEM32\bcrypt.dll
0x00007ffec65a0000 - 0x00007ffec661b000 	C:\WINDOWS\System32\bcryptprimitives.dll
0x00007ffec5d20000 - 0x00007ffec5d2c000 	C:\WINDOWS\SYSTEM32\CRYPTBASE.dll
0x00007ffec38b0000 - 0x00007ffec3ade000 	C:\WINDOWS\SYSTEM32\dbghelp.dll
0x00007ffec87a0000 - 0x00007ffec8877000 	C:\WINDOWS\System32\OLEAUT32.dll

VM Arguments:
jvm_args: -agentlib:jdwp=transport=dt_socket,suspend=y,address=localhost:53016 -ea -Dfile.encoding=MS932 
java_command: org.eclipse.jdt.internal.junit.runner.RemoteTestRunner -version 3 -port 53015 -testLoaderClass org.eclipse.jdt.internal.junit5.runner.JUnit5TestLoader -loaderpluginname org.eclipse.jdt.junit5.runtime -classNames testEsm.TS_ESM_ACM_0016_001
java_class_path (initial): C:\Users\nguye\eclipse-workspace\SeleniumFramework\target\test-classes;C:\Users\nguye\eclipse-workspace\SeleniumFramework\target\classes;C:\Users\nguye\.m2\repository\junit\junit\4.12\junit-4.12.jar;C:\Users\nguye\.gradle\caches\modules-2\files-2.1\junit\junit\4.12\2973d150c0dc1fefe998f834810d68f278ea58ec\junit-4.12.jar;C:\Users\nguye\.m2\repository\org\seleniumhq\selenium\selenium-api\3.141.59\selenium-api-3.141.59.jar;C:\Users\nguye\OneDrive\Desktop\eclipse\plugins\org.junit.jupiter.api_5.0.0.v20170910-2246.jar;C:\Users\nguye\OneDrive\Desktop\eclipse\plugins\org.junit.jupiter.engine_5.0.0.v20170910-2246.jar;C:\Users\nguye\OneDrive\Desktop\eclipse\plugins\org.junit.jupiter.migrationsupport_5.0.0.v20170910-2246.jar;C:\Users\nguye\OneDrive\Desktop\eclipse\plugins\org.junit.jupiter.params_5.0.0.v20170910-2246.jar;C:\Users\nguye\OneDrive\Desktop\eclipse\plugins\org.junit.platform.commons_1.0.0.v20170910-2246.jar;C:\Users\nguye\OneDrive\Desktop\eclipse\plugins\org.junit.platform.engine_1.0.0.v20170910-2246.jar;C:\Users\nguye\OneDrive\Desktop\eclipse\plugins\org.junit.platform.launcher_1.0.0.v20170910-2246.jar;C:\Users\nguye\OneDrive\Desktop\eclipse\plugins\org.junit.platform.runner_1.0.0.v20170910-2246.jar;C:\Users\nguye\OneDrive\Desktop\eclipse\plugins\org.junit.platform.suite.api_1.0.0.v20170910-2246.jar;C:\Users\nguye\OneDrive\Desktop\eclipse\plugins\org.junit.vintage.engine_4.12.0.v20170910-2246.jar;C:\Users\nguye\OneDrive\Desktop\eclipse\plugins\org.opentest4j_1.0.0.v20170910-2246.jar;C:\Users\nguye\OneDrive\Desktop\eclipse\plugins\org.apiguardian_1.0.0.v20170910-2246.jar;C:\Users\nguye\OneDrive\Desktop\eclipse\plugins\org.junit_4.12.0.v201504281640\junit.jar;C:\Users\nguye\OneDrive\Desktop\eclipse\plugins\org.hamcrest.core_1.3.0.v201303031735.jar;C:\Users\nguye\.m2\repository\com\google\guava\guava\25.0-jre\guava-25.0-jre.jar;C:\Users\nguye\.gradle\caches\modules-2\files-2.1\com.google.guava\guava\28.2-jre\8ec9ed76528425762174f0011ce8f
Launcher Type: SUN_STANDARD

Environment Variables:
JAVA_HOME=C:\Program Files\Java\jdk1.8.0_321
PATH=C:/Program Files/Java/jre1.8.0_321/bin/server;C:/Program Files/Java/jre1.8.0_321/bin;C:/Program Files/Java/jre1.8.0_321/lib/amd64;C:\Program Files (x86)\Common Files\Oracle\Java\javapath;C:\Windows\system32;C:\Windows;C:\Windows\System32\Wbem;C:\Windows\System32\WindowsPowerShell\v1.0\;C:\Windows\System32\OpenSSH\;C:\Program Files (x86)\NVIDIA Corporation\PhysX\Common;C:\Program Files\NVIDIA Corporation\NVIDIA NvDLISR;C:\WINDOWS\system32;C:\WINDOWS;C:\WINDOWS\System32\Wbem;C:\WINDOWS\System32\WindowsPowerShell\v1.0\;C:\WINDOWS\System32\OpenSSH\;C:\Program Files\Git\cmd;C:\Users\nguye\AppData\Local\Microsoft\WindowsApps;C:\Program Files\JetBrains\IntelliJ IDEA Community Edition 2021.3.3\bin;;C:\Users\nguye\AppData\Local\GitHubDesktop\bin;C:\Program Files\TestProject Agent;C:\Program Files\Java\allure2-2.19.0;;C:\Users\nguye\OneDrive\Desktop\eclipse;
USERNAME=nguye
OS=Windows_NT
PROCESSOR_IDENTIFIER=Intel64 Family 6 Model 165 Stepping 2, GenuineIntel



---------------  S Y S T E M  ---------------

OS: Windows 11 , 64 bit Build 22621 (10.0.22621.755)

CPU:total 8 (initial active 8) (4 cores per cpu, 2 threads per core) family 6 model 165 stepping 2, cmov, cx8, fxsr, mmx, sse, sse2, sse3, ssse3, sse4.1, sse4.2, popcnt, avx, avx2, aes, clmul, erms, 3dnowpref, lzcnt, ht, tsc, tscinvbit, bmi1, bmi2, adx

Memory: 4k page, physical 16604212k(4211084k free), swap 26844212k(5619260k free)

vm_info: Java HotSpot(TM) 64-Bit Server VM (25.321-b07) for windows-amd64 JRE (1.8.0_321-b07), built on Dec 15 2021 11:19:20 by "java_re" with MS VC++ 15.9 (VS2017)

time: Thu Nov 24 21:47:35 2022
timezone: SE Asia Standard Time
elapsed time: 92.822537 seconds (0d 0h 1m 32s)

